#
# An unexpected error has occurred (11)
#
Stack:
/tools/Xilinx/Vivado/2023.2/tps/lnx64/jre17.0.7_7/lib//server/libjvm.so(+0xd8797f) [0x7cf07e18797f]
/tools/Xilinx/Vivado/2023.2/tps/lnx64/jre17.0.7_7/lib//server/libjvm.so(JVM_handle_linux_signal+0x24e) [0x7cf07e18846e]
/lib/x86_64-linux-gnu/libc.so.6(+0x42520) [0x7cf0bc042520]
/tools/Xilinx/Vivado/2023.2/lib/lnx64.o/librdi_synth.so(DFNode::calcConstantBinaryInt(UConst&, UConst&, bool, bool, DFEdge*, UConst&)+0xae0) [0x7cf087ae4490]
/tools/Xilinx/Vivado/2023.2/lib/lnx64.o/librdi_synth.so(DFNode::calcConstantBinary(DFPin*, UConst&, UHashMap<DFPin*, UConst*, DFPin*, UEKey<DFPin*> >&, bool)+0x129) [0x7cf087ae5589]
/tools/Xilinx/Vivado/2023.2/lib/lnx64.o/librdi_synth.so(DFPin::calcConstantInt(UConst&, UHashMap<DFPin*, UConst*, DFPin*, UEKey<DFPin*> >&, bool, bool)+0x12f) [0x7cf087ae582f]
/tools/Xilinx/Vivado/2023.2/lib/lnx64.o/librdi_synth.so(DFEdge::calcConstantInt(UConst&, UHashMap<DFPin*, UConst*, DFPin*, UEKey<DFPin*> >&, bool)+0x55) [0x7cf087ae7545]
/tools/Xilinx/Vivado/2023.2/lib/lnx64.o/librdi_synth.so(DFPin::calcConstantInt(UConst&, UHashMap<DFPin*, UConst*, DFPin*, UEKey<DFPin*> >&, bool, bool)+0x216) [0x7cf087ae5916]
/tools/Xilinx/Vivado/2023.2/lib/lnx64.o/librdi_synth.so(HOptDfg::propConst(DFNode*)+0x8f) [0x7cf08753fcff]
/tools/Xilinx/Vivado/2023.2/lib/lnx64.o/librdi_synth.so(DFPin::travelTopDownIter(DFGraphTraverseFuncVoid&, UFlags<Option>, UHashList<DFEdge*, DFEdge*, UEKey<DFEdge*>, UHashListNode<DFEdge*>, DFEdge*>*, DFGraph*)+0x687) [0x7cf087b0d817]
/tools/Xilinx/Vivado/2023.2/lib/lnx64.o/librdi_synth.so(DFGraph::traverseTopDown(DFGraphTraverseFuncVoid&, UFlags<Option>, UHashList<DFEdge*, DFEdge*, UEKey<DFEdge*>, UHashListNode<DFEdge*>, DFEdge*>*, DFGraph*)+0xb9) [0x7cf087af2bf9]
/tools/Xilinx/Vivado/2023.2/lib/lnx64.o/librdi_synth.so(HOptDfg::propagateConstants(DFGraph*)+0xba) [0x7cf08753ecda]
/tools/Xilinx/Vivado/2023.2/lib/lnx64.o/librdi_synth.so(HARTHOptDfg::optimizePass1()+0x22267) [0x7cf086ccef27]
/tools/Xilinx/Vivado/2023.2/lib/lnx64.o/librdi_synth.so(HARTNDb::dfgOptPass1Recur(DFGraph*, NRealMod, DFNode*, UHashSet<DFGraph*, DFGraph*, UEKey<DFGraph*>, UHashSetNode<DFGraph*>, DFGraph*, UEValue<DFGraph*, UHashSetNode<DFGraph*> > >&, UHashSet<DFGraph*, DFGraph*, UEKey<DFGraph*>, UHashSetNode<DFGraph*>, DFGraph*, UEValue<DFGraph*, UHashSetNode<DFGraph*> > >&)+0x3fd) [0x7cf0866ae03d]
/tools/Xilinx/Vivado/2023.2/lib/lnx64.o/librdi_synth.so(HARTNDb::dfgOptPass1Recur(DFGraph*, NRealMod, DFNode*, UHashSet<DFGraph*, DFGraph*, UEKey<DFGraph*>, UHashSetNode<DFGraph*>, DFGraph*, UEValue<DFGraph*, UHashSetNode<DFGraph*> > >&, UHashSet<DFGraph*, DFGraph*, UEKey<DFGraph*>, UHashSetNode<DFGraph*>, DFGraph*, UEValue<DFGraph*, UHashSetNode<DFGraph*> > >&)+0x14c) [0x7cf0866add8c]
/tools/Xilinx/Vivado/2023.2/lib/lnx64.o/librdi_synth.so(HARTNDb::dfgOptPass1Recur(DFGraph*, NRealMod, DFNode*, UHashSet<DFGraph*, DFGraph*, UEKey<DFGraph*>, UHashSetNode<DFGraph*>, DFGraph*, UEValue<DFGraph*, UHashSetNode<DFGraph*> > >&, UHashSet<DFGraph*, DFGraph*, UEKey<DFGraph*>, UHashSetNode<DFGraph*>, DFGraph*, UEValue<DFGraph*, UHashSetNode<DFGraph*> > >&)+0x14c) [0x7cf0866add8c]
/tools/Xilinx/Vivado/2023.2/lib/lnx64.o/librdi_synth.so(HARTNDb::dfgOptPass1Recur(DFGraph*, NRealMod, DFNode*, UHashSet<DFGraph*, DFGraph*, UEKey<DFGraph*>, UHashSetNode<DFGraph*>, DFGraph*, UEValue<DFGraph*, UHashSetNode<DFGraph*> > >&, UHashSet<DFGraph*, DFGraph*, UEKey<DFGraph*>, UHashSetNode<DFGraph*>, DFGraph*, UEValue<DFGraph*, UHashSetNode<DFGraph*> > >&)+0x14c) [0x7cf0866add8c]
/tools/Xilinx/Vivado/2023.2/lib/lnx64.o/librdi_synth.so(HARTNDb::dfgOptPass1Recur(DFGraph*, NRealMod, DFNode*, UHashSet<DFGraph*, DFGraph*, UEKey<DFGraph*>, UHashSetNode<DFGraph*>, DFGraph*, UEValue<DFGraph*, UHashSetNode<DFGraph*> > >&, UHashSet<DFGraph*, DFGraph*, UEKey<DFGraph*>, UHashSetNode<DFGraph*>, DFGraph*, UEValue<DFGraph*, UHashSetNode<DFGraph*> > >&)+0x14c) [0x7cf0866add8c]
/tools/Xilinx/Vivado/2023.2/lib/lnx64.o/librdi_synth.so(HARTNDb::dfgOptPass1Recur(DFGraph*, NRealMod, DFNode*, UHashSet<DFGraph*, DFGraph*, UEKey<DFGraph*>, UHashSetNode<DFGraph*>, DFGraph*, UEValue<DFGraph*, UHashSetNode<DFGraph*> > >&, UHashSet<DFGraph*, DFGraph*, UEKey<DFGraph*>, UHashSetNode<DFGraph*>, DFGraph*, UEValue<DFGraph*, UHashSetNode<DFGraph*> > >&)+0x14c) [0x7cf0866add8c]
/tools/Xilinx/Vivado/2023.2/lib/lnx64.o/librdi_synth.so(HARTNDb::sequentialDFGOptPass1()+0x7d) [0x7cf0866ae84d]
/tools/Xilinx/Vivado/2023.2/lib/lnx64.o/librdi_synth.so(HARTNDb::processParallelDFGOptPass1(UString const&)+0x190) [0x7cf0866aeb80]
/tools/Xilinx/Vivado/2023.2/lib/lnx64.o/librdi_synth.so(HARTNDb::elaborate(UString const&, bool, bool, char const*)+0x14b) [0x7cf086617ccb]
/tools/Xilinx/Vivado/2023.2/lib/lnx64.o/librdi_synth.so(HARTNDb::synthesize(UString const&, bool, bool, char const*)+0x275) [0x7cf0866472e5]
/tools/Xilinx/Vivado/2023.2/lib/lnx64.o/librdi_synth.so(+0x13c91fb) [0x7cf0867c91fb]
/tools/Xilinx/Vivado/2023.2/lib/lnx64.o/librdi_synth.so(+0x13c93c3) [0x7cf0867c93c3]
/tools/Xilinx/Vivado/2023.2/lib/lnx64.o/librdi_synth.so(+0x1321b35) [0x7cf086721b35]
/tools/Xilinx/Vivado/2023.2/lib/lnx64.o/libtcl8.5.so(+0x3356f) [0x7cf0b7c3356f]
/tools/Xilinx/Vivado/2023.2/lib/lnx64.o/libtcl8.5.so(+0x76945) [0x7cf0b7c76945]
/tools/Xilinx/Vivado/2023.2/lib/lnx64.o/libtcl8.5.so(TclObjInterpProcCore+0x420) [0x7cf0b7cb7ed0]
/tools/Xilinx/Vivado/2023.2/lib/lnx64.o/libtcl8.5.so(+0x3356f) [0x7cf0b7c3356f]
/tools/Xilinx/Vivado/2023.2/lib/lnx64.o/libtcl8.5.so(+0x34bf8) [0x7cf0b7c34bf8]
/tools/Xilinx/Vivado/2023.2/lib/lnx64.o/libtcl8.5.so(Tcl_EvalEx+0x13) [0x7cf0b7c35163]
/tools/Xilinx/Vivado/2023.2/lib/lnx64.o/libtcl8.5.so(TclEvalObjEx+0x1e0) [0x7cf0b7c35380]
/tools/Xilinx/Vivado/2023.2/lib/lnx64.o/libtcl8.5.so(+0x3b445) [0x7cf0b7c3b445]
/tools/Xilinx/Vivado/2023.2/lib/lnx64.o/libtcl8.5.so(+0x3356f) [0x7cf0b7c3356f]
/tools/Xilinx/Vivado/2023.2/lib/lnx64.o/libtcl8.5.so(+0x76945) [0x7cf0b7c76945]
/tools/Xilinx/Vivado/2023.2/lib/lnx64.o/libtcl8.5.so(+0x7e0f9) [0x7cf0b7c7e0f9]
/tools/Xilinx/Vivado/2023.2/lib/lnx64.o/libtcl8.5.so(TclEvalObjEx+0x76) [0x7cf0b7c35216]
/tools/Xilinx/Vivado/2023.2/lib/lnx64.o/librdi_commontasks.so(+0x261fb1) [0x7cf0b0461fb1]
/tools/Xilinx/Vivado/2023.2/lib/lnx64.o/libtcl8.5.so(+0x3356f) [0x7cf0b7c3356f]
/tools/Xilinx/Vivado/2023.2/lib/lnx64.o/libtcl8.5.so(+0x76945) [0x7cf0b7c76945]
/tools/Xilinx/Vivado/2023.2/lib/lnx64.o/libtcl8.5.so(TclObjInterpProcCore+0x420) [0x7cf0b7cb7ed0]
/tools/Xilinx/Vivado/2023.2/lib/lnx64.o/libtcl8.5.so(+0x3356f) [0x7cf0b7c3356f]
/tools/Xilinx/Vivado/2023.2/lib/lnx64.o/libtcl8.5.so(+0x76945) [0x7cf0b7c76945]
/tools/Xilinx/Vivado/2023.2/lib/lnx64.o/libtcl8.5.so(+0x7e0f9) [0x7cf0b7c7e0f9]
/tools/Xilinx/Vivado/2023.2/lib/lnx64.o/libtcl8.5.so(TclEvalObjEx+0x76) [0x7cf0b7c35216]
/tools/Xilinx/Vivado/2023.2/lib/lnx64.o/libtcl8.5.so(+0xb7637) [0x7cf0b7cb7637]
/tools/Xilinx/Vivado/2023.2/lib/lnx64.o/libtcl8.5.so(+0x3356f) [0x7cf0b7c3356f]
/tools/Xilinx/Vivado/2023.2/lib/lnx64.o/libtcl8.5.so(+0x76945) [0x7cf0b7c76945]
/tools/Xilinx/Vivado/2023.2/lib/lnx64.o/libtcl8.5.so(+0x7e0f9) [0x7cf0b7c7e0f9]
/tools/Xilinx/Vivado/2023.2/lib/lnx64.o/libtcl8.5.so(TclEvalObjEx+0x76) [0x7cf0b7c35216]
/tools/Xilinx/Vivado/2023.2/lib/lnx64.o/librdi_commontasks.so(+0x261f0e) [0x7cf0b0461f0e]
/tools/Xilinx/Vivado/2023.2/lib/lnx64.o/libtcl8.5.so(+0x3356f) [0x7cf0b7c3356f]
/tools/Xilinx/Vivado/2023.2/lib/lnx64.o/libtcl8.5.so(+0x34bf8) [0x7cf0b7c34bf8]
/tools/Xilinx/Vivado/2023.2/lib/lnx64.o/libtcl8.5.so(+0xad566) [0x7cf0b7cad566]
/tools/Xilinx/Vivado/2023.2/lib/lnx64.o/libtcl8.5.so(+0x34785) [0x7cf0b7c34785]
/tools/Xilinx/Vivado/2023.2/lib/lnx64.o/libtcl8.5.so(Tcl_EvalEx+0x13) [0x7cf0b7c35163]
/tools/Xilinx/Vivado/2023.2/lib/lnx64.o/libtcl8.5.so(Tcl_FSEvalFileEx+0x1da) [0x7cf0b7c99d2a]
/tools/Xilinx/Vivado/2023.2/lib/lnx64.o/librdi_commontasks.so(+0x27e220) [0x7cf0b047e220]
/tools/Xilinx/Vivado/2023.2/lib/lnx64.o/librdi_common.so(+0xd7d9bf) [0x7cf0bd97d9bf]
/tools/Xilinx/Vivado/2023.2/lib/lnx64.o/libtcl8.5.so(+0x3356f) [0x7cf0b7c3356f]
/tools/Xilinx/Vivado/2023.2/lib/lnx64.o/libtcl8.5.so(Tcl_EvalObjv+0x32) [0x7cf0b7c336a2]
/tools/Xilinx/Vivado/2023.2/lib/lnx64.o/libtcl8.5.so(TclEvalObjEx+0x322) [0x7cf0b7c354c2]
/tools/Xilinx/Vivado/2023.2/lib/lnx64.o/librdi_common.so(hdi::tcltasks::task_manager::eval_in_tcl(Tcl_Interp*, Tcl_Obj*, char const*, bool)+0x74d) [0x7cf0bd97be1d]
/tools/Xilinx/Vivado/2023.2/lib/lnx64.o/librdi_designutils.so(HRTInvoker::inProcessLaunch(HDGUIStatus&)+0x310) [0x7cf0a6224380]
/tools/Xilinx/Vivado/2023.2/lib/lnx64.o/librdi_designutils.so(HRTInvoker::launch(HDGUIStatus&)+0x33) [0x7cf0a6224933]
/tools/Xilinx/Vivado/2023.2/lib/lnx64.o/librdi_vivadotasks.so(+0x70211c) [0x7cf07ff0211c]
/tools/Xilinx/Vivado/2023.2/lib/lnx64.o/librdi_vivadotasks.so(+0x70b832) [0x7cf07ff0b832]
/tools/Xilinx/Vivado/2023.2/lib/lnx64.o/librdi_common.so(+0xd7d9bf) [0x7cf0bd97d9bf]
/tools/Xilinx/Vivado/2023.2/lib/lnx64.o/libtcl8.5.so(+0x3356f) [0x7cf0b7c3356f]
/tools/Xilinx/Vivado/2023.2/lib/lnx64.o/libtcl8.5.so(+0x76945) [0x7cf0b7c76945]
/tools/Xilinx/Vivado/2023.2/lib/lnx64.o/libtcl8.5.so(+0x7e0f9) [0x7cf0b7c7e0f9]
/tools/Xilinx/Vivado/2023.2/lib/lnx64.o/libtcl8.5.so(TclEvalObjEx+0x76) [0x7cf0b7c35216]
/tools/Xilinx/Vivado/2023.2/lib/lnx64.o/librdi_common.so(+0xd7b3b3) [0x7cf0bd97b3b3]
/tools/Xilinx/Vivado/2023.2/lib/lnx64.o/libtcl8.5.so(Tcl_ServiceEvent+0x7f) [0x7cf0b7ca7bef]
/tools/Xilinx/Vivado/2023.2/lib/lnx64.o/libtcl8.5.so(Tcl_DoOneEvent+0x154) [0x7cf0b7ca7f24]
/tools/Xilinx/Vivado/2023.2/lib/lnx64.o/librdi_commontasks.so(+0x2bdc07) [0x7cf0b04bdc07]
/tools/Xilinx/Vivado/2023.2/lib/lnx64.o/librdi_commontasks.so(+0x2c689e) [0x7cf0b04c689e]
/tools/Xilinx/Vivado/2023.2/lib/lnx64.o/librdi_commontasks.so(+0x2c717f) [0x7cf0b04c717f]
/tools/Xilinx/Vivado/2023.2/lib/lnx64.o/librdi_common.so(+0xd7d9bf) [0x7cf0bd97d9bf]
/tools/Xilinx/Vivado/2023.2/lib/lnx64.o/libtcl8.5.so(+0x3356f) [0x7cf0b7c3356f]
/tools/Xilinx/Vivado/2023.2/lib/lnx64.o/libtcl8.5.so(+0x76945) [0x7cf0b7c76945]
/tools/Xilinx/Vivado/2023.2/lib/lnx64.o/libtcl8.5.so(+0x7e0f9) [0x7cf0b7c7e0f9]
/tools/Xilinx/Vivado/2023.2/lib/lnx64.o/libtcl8.5.so(TclEvalObjEx+0x76) [0x7cf0b7c35216]
/tools/Xilinx/Vivado/2023.2/lib/lnx64.o/librdi_commonmain.so(+0xe752) [0x7cf0be711752]
/tools/Xilinx/Vivado/2023.2/lib/lnx64.o/libtcl8.5.so(Tcl_Main+0x1d0) [0x7cf0b7ca02f0]
/tools/Xilinx/Vivado/2023.2/lib/lnx64.o/librdi_common.so(+0xda6f7b) [0x7cf0bd9a6f7b]
/lib/x86_64-linux-gnu/libc.so.6(+0x94ac3) [0x7cf0bc094ac3]
/lib/x86_64-linux-gnu/libc.so.6(+0x126850) [0x7cf0bc126850]
