#
# An unexpected error has occurred (11)
#
Stack:
/lib/x86_64-linux-gnu/libc.so.6(+0x42520) [0x7f5946442520]
/doc/vivado/Vivado/2022.1/lib/lnx64.o/librdi_synth.so(HARTHOptPrepDsp::reduceRegisterSize(DFNode*)+0x10ea) [0x7f58f544ca4a]
/doc/vivado/Vivado/2022.1/lib/lnx64.o/librdi_synth.so(HARTHOptPrepDsp::reduceDspRegSize(DFNode*)+0xa1) [0x7f58f544cca1]
/doc/vivado/Vivado/2022.1/lib/lnx64.o/librdi_synth.so(HARTHOptPost::topDownPass(bool (*)(DFNode*), void (*)(DFNode*), std::__cxx11::basic_string<char, std::char_traits<char>, std::allocator<char> >)+0xf1) [0x7f58f541cad1]
/doc/vivado/Vivado/2022.1/lib/lnx64.o/librdi_synth.so(HARTHOptPost::prepDsps()+0x699) [0x7f58f541d1d9]
/doc/vivado/Vivado/2022.1/lib/lnx64.o/librdi_synth.so(HARTHOptPost::optimize()+0x1618) [0x7f58f54207c8]
/doc/vivado/Vivado/2022.1/lib/lnx64.o/librdi_synth.so(HARTHOptDfg::optimizePass2()+0xcdef) [0x7f58f5baf5df]
/doc/vivado/Vivado/2022.1/lib/lnx64.o/librdi_synth.so(HARTNDb::optimizeAndMap()+0x1078) [0x7f58f555f168]
/doc/vivado/Vivado/2022.1/lib/lnx64.o/librdi_synth.so(HARTNDb::map()+0x1b) [0x7f58f555fb0b]
/doc/vivado/Vivado/2022.1/lib/lnx64.o/librdi_synth.so(+0x13b51f3) [0x7f58f57b51f3]
/doc/vivado/Vivado/2022.1/lib/lnx64.o/librdi_synth.so(+0x1241f45) [0x7f58f5641f45]
/doc/vivado/Vivado/2022.1/lib/lnx64.o/libtcl8.5.so(+0x3356f) [0x7f594143356f]
/doc/vivado/Vivado/2022.1/lib/lnx64.o/libtcl8.5.so(+0x34bf8) [0x7f5941434bf8]
/doc/vivado/Vivado/2022.1/lib/lnx64.o/libtcl8.5.so(Tcl_EvalEx+0x13) [0x7f5941435163]
/doc/vivado/Vivado/2022.1/lib/lnx64.o/libtcl8.5.so(TclEvalObjEx+0x1e0) [0x7f5941435380]
/doc/vivado/Vivado/2022.1/lib/lnx64.o/libtcl8.5.so(+0x3b445) [0x7f594143b445]
/doc/vivado/Vivado/2022.1/lib/lnx64.o/libtcl8.5.so(+0x3356f) [0x7f594143356f]
/doc/vivado/Vivado/2022.1/lib/lnx64.o/libtcl8.5.so(+0x76945) [0x7f5941476945]
/doc/vivado/Vivado/2022.1/lib/lnx64.o/libtcl8.5.so(+0x7e0f9) [0x7f594147e0f9]
/doc/vivado/Vivado/2022.1/lib/lnx64.o/libtcl8.5.so(TclEvalObjEx+0x76) [0x7f5941435216]
/doc/vivado/Vivado/2022.1/lib/lnx64.o/librdi_commontasks.so(+0x259801) [0x7f593a259801]
/doc/vivado/Vivado/2022.1/lib/lnx64.o/libtcl8.5.so(+0x3356f) [0x7f594143356f]
/doc/vivado/Vivado/2022.1/lib/lnx64.o/libtcl8.5.so(+0x76945) [0x7f5941476945]
/doc/vivado/Vivado/2022.1/lib/lnx64.o/libtcl8.5.so(TclObjInterpProcCore+0x420) [0x7f59414b7ed0]
/doc/vivado/Vivado/2022.1/lib/lnx64.o/libtcl8.5.so(+0x3356f) [0x7f594143356f]
/doc/vivado/Vivado/2022.1/lib/lnx64.o/libtcl8.5.so(+0x76945) [0x7f5941476945]
/doc/vivado/Vivado/2022.1/lib/lnx64.o/libtcl8.5.so(Tcl_ExprObj+0xf8) [0x7f594147dcd8]
/doc/vivado/Vivado/2022.1/lib/lnx64.o/libtcl8.5.so(Tcl_ExprBooleanObj+0x16) [0x7f5941433f56]
/doc/vivado/Vivado/2022.1/lib/lnx64.o/libtcl8.5.so(+0x3e7ae) [0x7f594143e7ae]
/doc/vivado/Vivado/2022.1/lib/lnx64.o/libtcl8.5.so(+0x3356f) [0x7f594143356f]
/doc/vivado/Vivado/2022.1/lib/lnx64.o/libtcl8.5.so(+0x76945) [0x7f5941476945]
/doc/vivado/Vivado/2022.1/lib/lnx64.o/libtcl8.5.so(+0x7e0f9) [0x7f594147e0f9]
/doc/vivado/Vivado/2022.1/lib/lnx64.o/libtcl8.5.so(TclEvalObjEx+0x76) [0x7f5941435216]
/doc/vivado/Vivado/2022.1/lib/lnx64.o/libtcl8.5.so(+0x3e824) [0x7f594143e824]
/doc/vivado/Vivado/2022.1/lib/lnx64.o/libtcl8.5.so(+0x3356f) [0x7f594143356f]
/doc/vivado/Vivado/2022.1/lib/lnx64.o/libtcl8.5.so(+0x76945) [0x7f5941476945]
/doc/vivado/Vivado/2022.1/lib/lnx64.o/libtcl8.5.so(+0x7e0f9) [0x7f594147e0f9]
/doc/vivado/Vivado/2022.1/lib/lnx64.o/libtcl8.5.so(TclEvalObjEx+0x76) [0x7f5941435216]
/doc/vivado/Vivado/2022.1/lib/lnx64.o/librdi_commontasks.so(+0x259801) [0x7f593a259801]
/doc/vivado/Vivado/2022.1/lib/lnx64.o/libtcl8.5.so(+0x3356f) [0x7f594143356f]
/doc/vivado/Vivado/2022.1/lib/lnx64.o/libtcl8.5.so(+0x76945) [0x7f5941476945]
/doc/vivado/Vivado/2022.1/lib/lnx64.o/libtcl8.5.so(Tcl_ExprObj+0xf8) [0x7f594147dcd8]
/doc/vivado/Vivado/2022.1/lib/lnx64.o/libtcl8.5.so(Tcl_ExprBooleanObj+0x16) [0x7f5941433f56]
/doc/vivado/Vivado/2022.1/lib/lnx64.o/libtcl8.5.so(+0x3e7ae) [0x7f594143e7ae]
/doc/vivado/Vivado/2022.1/lib/lnx64.o/libtcl8.5.so(+0x3356f) [0x7f594143356f]
/doc/vivado/Vivado/2022.1/lib/lnx64.o/libtcl8.5.so(+0x34bf8) [0x7f5941434bf8]
/doc/vivado/Vivado/2022.1/lib/lnx64.o/libtcl8.5.so(Tcl_EvalEx+0x13) [0x7f5941435163]
/doc/vivado/Vivado/2022.1/lib/lnx64.o/libtcl8.5.so(Tcl_FSEvalFileEx+0x1da) [0x7f5941499d2a]
/doc/vivado/Vivado/2022.1/lib/lnx64.o/librdi_commontasks.so(+0x275110) [0x7f593a275110]
/doc/vivado/Vivado/2022.1/lib/lnx64.o/librdi_common.so(+0xb44ccf) [0x7f5947b44ccf]
/doc/vivado/Vivado/2022.1/lib/lnx64.o/libtcl8.5.so(+0x3356f) [0x7f594143356f]
/doc/vivado/Vivado/2022.1/lib/lnx64.o/libtcl8.5.so(+0x76945) [0x7f5941476945]
/doc/vivado/Vivado/2022.1/lib/lnx64.o/libtcl8.5.so(+0x7e0f9) [0x7f594147e0f9]
/doc/vivado/Vivado/2022.1/lib/lnx64.o/libtcl8.5.so(TclEvalObjEx+0x76) [0x7f5941435216]
/doc/vivado/Vivado/2022.1/lib/lnx64.o/libtcl8.5.so(+0xb7637) [0x7f59414b7637]
/doc/vivado/Vivado/2022.1/lib/lnx64.o/libtcl8.5.so(+0x3356f) [0x7f594143356f]
/doc/vivado/Vivado/2022.1/lib/lnx64.o/libtcl8.5.so(+0x76945) [0x7f5941476945]
/doc/vivado/Vivado/2022.1/lib/lnx64.o/libtcl8.5.so(+0x7e0f9) [0x7f594147e0f9]
/doc/vivado/Vivado/2022.1/lib/lnx64.o/libtcl8.5.so(TclEvalObjEx+0x76) [0x7f5941435216]
/doc/vivado/Vivado/2022.1/lib/lnx64.o/librdi_commontasks.so(+0x25975e) [0x7f593a25975e]
/doc/vivado/Vivado/2022.1/lib/lnx64.o/libtcl8.5.so(+0x3356f) [0x7f594143356f]
/doc/vivado/Vivado/2022.1/lib/lnx64.o/libtcl8.5.so(+0x34bf8) [0x7f5941434bf8]
/doc/vivado/Vivado/2022.1/lib/lnx64.o/libtcl8.5.so(+0xad566) [0x7f59414ad566]
/doc/vivado/Vivado/2022.1/lib/lnx64.o/libtcl8.5.so(+0x34785) [0x7f5941434785]
/doc/vivado/Vivado/2022.1/lib/lnx64.o/libtcl8.5.so(Tcl_EvalEx+0x13) [0x7f5941435163]
/doc/vivado/Vivado/2022.1/lib/lnx64.o/libtcl8.5.so(Tcl_FSEvalFileEx+0x1da) [0x7f5941499d2a]
/doc/vivado/Vivado/2022.1/lib/lnx64.o/librdi_commontasks.so(+0x275110) [0x7f593a275110]
/doc/vivado/Vivado/2022.1/lib/lnx64.o/librdi_common.so(+0xb44ccf) [0x7f5947b44ccf]
/doc/vivado/Vivado/2022.1/lib/lnx64.o/libtcl8.5.so(+0x3356f) [0x7f594143356f]
/doc/vivado/Vivado/2022.1/lib/lnx64.o/libtcl8.5.so(Tcl_EvalObjv+0x32) [0x7f59414336a2]
/doc/vivado/Vivado/2022.1/lib/lnx64.o/libtcl8.5.so(TclEvalObjEx+0x322) [0x7f59414354c2]
/doc/vivado/Vivado/2022.1/lib/lnx64.o/librdi_common.so(hdi::tcltasks::task_manager::eval_in_tcl(Tcl_Interp*, Tcl_Obj*, char const*, bool)+0x74d) [0x7f5947b42d5d]
/doc/vivado/Vivado/2022.1/lib/lnx64.o/librdi_designutils.so(HRTInvoker::inProcessLaunch(HDGUIStatus&)+0x310) [0x7f592f5940a0]
/doc/vivado/Vivado/2022.1/lib/lnx64.o/librdi_designutils.so(HRTInvoker::launch(HDGUIStatus&)+0x33) [0x7f592f5946a3]
/doc/vivado/Vivado/2022.1/lib/lnx64.o/librdi_vivadotasks.so(+0x6523bd) [0x7f58ede523bd]
/doc/vivado/Vivado/2022.1/lib/lnx64.o/librdi_vivadotasks.so(+0x659782) [0x7f58ede59782]
/doc/vivado/Vivado/2022.1/lib/lnx64.o/librdi_common.so(+0xb44ccf) [0x7f5947b44ccf]
/doc/vivado/Vivado/2022.1/lib/lnx64.o/libtcl8.5.so(+0x3356f) [0x7f594143356f]
/doc/vivado/Vivado/2022.1/lib/lnx64.o/libtcl8.5.so(+0x34bf8) [0x7f5941434bf8]
/doc/vivado/Vivado/2022.1/lib/lnx64.o/libtcl8.5.so(Tcl_EvalEx+0x13) [0x7f5941435163]
/doc/vivado/Vivado/2022.1/lib/lnx64.o/libtcl8.5.so(Tcl_FSEvalFileEx+0x1da) [0x7f5941499d2a]
/doc/vivado/Vivado/2022.1/lib/lnx64.o/librdi_commontasks.so(+0x275110) [0x7f593a275110]
/doc/vivado/Vivado/2022.1/lib/lnx64.o/librdi_common.so(+0xb44ccf) [0x7f5947b44ccf]
/doc/vivado/Vivado/2022.1/lib/lnx64.o/libtcl8.5.so(+0x3356f) [0x7f594143356f]
/doc/vivado/Vivado/2022.1/lib/lnx64.o/libtcl8.5.so(Tcl_EvalObjv+0x32) [0x7f59414336a2]
/doc/vivado/Vivado/2022.1/lib/lnx64.o/libtcl8.5.so(TclEvalObjEx+0x322) [0x7f59414354c2]
/doc/vivado/Vivado/2022.1/lib/lnx64.o/librdi_commontasks.so(+0x2bb548) [0x7f593a2bb548]
/doc/vivado/Vivado/2022.1/lib/lnx64.o/librdi_commontasks.so(+0x2bcb3f) [0x7f593a2bcb3f]
/doc/vivado/Vivado/2022.1/lib/lnx64.o/librdi_common.so(+0xb44ccf) [0x7f5947b44ccf]
/doc/vivado/Vivado/2022.1/lib/lnx64.o/libtcl8.5.so(+0x3356f) [0x7f594143356f]
/doc/vivado/Vivado/2022.1/lib/lnx64.o/libtcl8.5.so(Tcl_EvalObjv+0x32) [0x7f59414336a2]
/doc/vivado/Vivado/2022.1/lib/lnx64.o/libtcl8.5.so(TclEvalObjEx+0x322) [0x7f59414354c2]
/doc/vivado/Vivado/2022.1/lib/lnx64.o/librdi_commonmain.so(+0xc538) [0x7f59486b9538]
/doc/vivado/Vivado/2022.1/lib/lnx64.o/libtcl8.5.so(Tcl_Main+0x1d0) [0x7f59414a02f0]
/doc/vivado/Vivado/2022.1/lib/lnx64.o/librdi_common.so(+0xb721fb) [0x7f5947b721fb]
/lib/x86_64-linux-gnu/libc.so.6(+0x94ac3) [0x7f5946494ac3]
/lib/x86_64-linux-gnu/libc.so.6(+0x126a40) [0x7f5946526a40]
