#
# An unexpected error has occurred (11)
#
Stack:
/home/user/Xilinx/Vivado/2023.2/tps/lnx64/jre17.0.7_7/lib//server/libjvm.so(+0xd8797f) [0x7c9faa38797f]
/home/user/Xilinx/Vivado/2023.2/tps/lnx64/jre17.0.7_7/lib//server/libjvm.so(JVM_handle_linux_signal+0x24e) [0x7c9faa38846e]
/lib/x86_64-linux-gnu/libc.so.6(+0x42520) [0x7c9fe8442520]
/home/user/Xilinx/Vivado/2023.2/lib/lnx64.o/librdi_synth.so(NPinC::parentModule() const+0) [0x7c9fb3dddc50]
/home/user/Xilinx/Vivado/2023.2/lib/lnx64.o/librdi_synth.so(ConstProp::assertPortEquivalencies(NRealMod, NNet, NNet, NPin)+0xb4) [0x7c9fb34b7154]
/home/user/Xilinx/Vivado/2023.2/lib/lnx64.o/librdi_synth.so(ConstProp::processModule(NRealMod, bool, UHashSet<NNetC*, NNetC*, UEKey<NNetC*>, UHashSetNode<NNetC*>, NNetC*, UEValue<NNetC*, UHashSetNode<NNetC*> > >*)+0x142) [0x7c9fb34c1b02]
/home/user/Xilinx/Vivado/2023.2/lib/lnx64.o/librdi_synth.so(ConstProp::evaluateModule(NInst, NRealMod, int, bool, UHashSet<NNetC*, NNetC*, UEKey<NNetC*>, UHashSetNode<NNetC*>, NNetC*, UEValue<NNetC*, UHashSetNode<NNetC*> > >*)+0x37e) [0x7c9fb34c1e9e]
/home/user/Xilinx/Vivado/2023.2/lib/lnx64.o/librdi_synth.so(ConstProp::evaluate(NInst, int, bool, UHashSet<NNetC*, NNetC*, UEKey<NNetC*>, UHashSetNode<NNetC*>, NNetC*, UEValue<NNetC*, UHashSetNode<NNetC*> > >*)+0x445) [0x7c9fb34c6f55]
/home/user/Xilinx/Vivado/2023.2/lib/lnx64.o/librdi_synth.so(ConstProp::getEquivalentNet(NNet, bool, UHashSet<NNetC*, NNetC*, UEKey<NNetC*>, UHashSetNode<NNetC*>, NNetC*, UEValue<NNetC*, UHashSetNode<NNetC*> > >*)+0x20e) [0x7c9fb34badce]
/home/user/Xilinx/Vivado/2023.2/lib/lnx64.o/librdi_synth.so(ConstProp::propagate(bool, bool, bool, bool, bool, bool, bool, bool, bool, int)+0xc34) [0x7c9fb34c8674]
/home/user/Xilinx/Vivado/2023.2/lib/lnx64.o/librdi_synth.so(HARTNDb::constPropBottomUpNew(NRealMod, UHashSet<UString, UString, UEKey<UString>, UHashSetNode<UString>, UString, UEValue<UString, UHashSetNode<UString> > >&, UHashSet<UString, UString, UEKey<UString>, UHashSetNode<UString>, UString, UEValue<UString, UHashSetNode<UString> > >&)+0x581) [0x7c9fb283c961]
/home/user/Xilinx/Vivado/2023.2/lib/lnx64.o/librdi_synth.so(HARTNDb::constProp()+0x33d) [0x7c9fb283d66d]
/home/user/Xilinx/Vivado/2023.2/lib/lnx64.o/librdi_synth.so(+0x1449083) [0x7c9fb2a49083]
/home/user/Xilinx/Vivado/2023.2/lib/lnx64.o/librdi_synth.so(+0x1321b35) [0x7c9fb2921b35]
/home/user/Xilinx/Vivado/2023.2/lib/lnx64.o/libtcl8.5.so(+0x3356f) [0x7c9fe403356f]
/home/user/Xilinx/Vivado/2023.2/lib/lnx64.o/libtcl8.5.so(+0x34bf8) [0x7c9fe4034bf8]
/home/user/Xilinx/Vivado/2023.2/lib/lnx64.o/libtcl8.5.so(Tcl_EvalEx+0x13) [0x7c9fe4035163]
/home/user/Xilinx/Vivado/2023.2/lib/lnx64.o/libtcl8.5.so(TclEvalObjEx+0x1e0) [0x7c9fe4035380]
/home/user/Xilinx/Vivado/2023.2/lib/lnx64.o/libtcl8.5.so(+0x3b445) [0x7c9fe403b445]
/home/user/Xilinx/Vivado/2023.2/lib/lnx64.o/libtcl8.5.so(+0x3356f) [0x7c9fe403356f]
/home/user/Xilinx/Vivado/2023.2/lib/lnx64.o/libtcl8.5.so(+0x76945) [0x7c9fe4076945]
/home/user/Xilinx/Vivado/2023.2/lib/lnx64.o/libtcl8.5.so(+0x7e0f9) [0x7c9fe407e0f9]
/home/user/Xilinx/Vivado/2023.2/lib/lnx64.o/libtcl8.5.so(TclEvalObjEx+0x76) [0x7c9fe4035216]
/home/user/Xilinx/Vivado/2023.2/lib/lnx64.o/librdi_commontasks.so(+0x261fb1) [0x7c9fdc661fb1]
/home/user/Xilinx/Vivado/2023.2/lib/lnx64.o/libtcl8.5.so(+0x3356f) [0x7c9fe403356f]
/home/user/Xilinx/Vivado/2023.2/lib/lnx64.o/libtcl8.5.so(+0x76945) [0x7c9fe4076945]
/home/user/Xilinx/Vivado/2023.2/lib/lnx64.o/libtcl8.5.so(TclObjInterpProcCore+0x420) [0x7c9fe40b7ed0]
/home/user/Xilinx/Vivado/2023.2/lib/lnx64.o/libtcl8.5.so(+0x3356f) [0x7c9fe403356f]
/home/user/Xilinx/Vivado/2023.2/lib/lnx64.o/libtcl8.5.so(+0x76945) [0x7c9fe4076945]
/home/user/Xilinx/Vivado/2023.2/lib/lnx64.o/libtcl8.5.so(TclObjInterpProcCore+0x420) [0x7c9fe40b7ed0]
/home/user/Xilinx/Vivado/2023.2/lib/lnx64.o/libtcl8.5.so(+0x3356f) [0x7c9fe403356f]
/home/user/Xilinx/Vivado/2023.2/lib/lnx64.o/libtcl8.5.so(+0x76945) [0x7c9fe4076945]
/home/user/Xilinx/Vivado/2023.2/lib/lnx64.o/libtcl8.5.so(TclObjInterpProcCore+0x420) [0x7c9fe40b7ed0]
/home/user/Xilinx/Vivado/2023.2/lib/lnx64.o/libtcl8.5.so(+0x3356f) [0x7c9fe403356f]
/home/user/Xilinx/Vivado/2023.2/lib/lnx64.o/libtcl8.5.so(+0x76945) [0x7c9fe4076945]
/home/user/Xilinx/Vivado/2023.2/lib/lnx64.o/libtcl8.5.so(+0x7e0f9) [0x7c9fe407e0f9]
/home/user/Xilinx/Vivado/2023.2/lib/lnx64.o/libtcl8.5.so(TclEvalObjEx+0x76) [0x7c9fe4035216]
/home/user/Xilinx/Vivado/2023.2/lib/lnx64.o/librdi_common.so(hdi::tcltasks::task_manager::eval_in_tcl(Tcl_Interp*, Tcl_Obj*, char const*, bool)+0x74d) [0x7c9fe9d7be1d]
/home/user/Xilinx/Vivado/2023.2/lib/lnx64.o/librdi_common.so(hdi::tcltasks::task_manager::eval_in_tcl(Tcl_Interp*, char const*, char const*, bool)+0xda) [0x7c9fe9d7c3ca]
/home/user/Xilinx/Vivado/2023.2/lib/lnx64.o/librdi_synth.so(HARTNDb::processGenomesSequentially(bool, char const*, char const*)+0xbce) [0x7c9fb28a8e8e]
/home/user/Xilinx/Vivado/2023.2/lib/lnx64.o/librdi_synth.so(+0x13c1aa8) [0x7c9fb29c1aa8]
/home/user/Xilinx/Vivado/2023.2/lib/lnx64.o/librdi_synth.so(+0x1321b35) [0x7c9fb2921b35]
/home/user/Xilinx/Vivado/2023.2/lib/lnx64.o/libtcl8.5.so(+0x3356f) [0x7c9fe403356f]
/home/user/Xilinx/Vivado/2023.2/lib/lnx64.o/libtcl8.5.so(+0x34bf8) [0x7c9fe4034bf8]
/home/user/Xilinx/Vivado/2023.2/lib/lnx64.o/libtcl8.5.so(Tcl_EvalEx+0x13) [0x7c9fe4035163]
/home/user/Xilinx/Vivado/2023.2/lib/lnx64.o/libtcl8.5.so(TclEvalObjEx+0x1e0) [0x7c9fe4035380]
/home/user/Xilinx/Vivado/2023.2/lib/lnx64.o/libtcl8.5.so(+0x3b445) [0x7c9fe403b445]
/home/user/Xilinx/Vivado/2023.2/lib/lnx64.o/libtcl8.5.so(+0x3356f) [0x7c9fe403356f]
/home/user/Xilinx/Vivado/2023.2/lib/lnx64.o/libtcl8.5.so(+0x76945) [0x7c9fe4076945]
/home/user/Xilinx/Vivado/2023.2/lib/lnx64.o/libtcl8.5.so(+0x7e0f9) [0x7c9fe407e0f9]
/home/user/Xilinx/Vivado/2023.2/lib/lnx64.o/libtcl8.5.so(TclEvalObjEx+0x76) [0x7c9fe4035216]
/home/user/Xilinx/Vivado/2023.2/lib/lnx64.o/librdi_commontasks.so(+0x261fb1) [0x7c9fdc661fb1]
/home/user/Xilinx/Vivado/2023.2/lib/lnx64.o/libtcl8.5.so(+0x3356f) [0x7c9fe403356f]
/home/user/Xilinx/Vivado/2023.2/lib/lnx64.o/libtcl8.5.so(+0x76945) [0x7c9fe4076945]
/home/user/Xilinx/Vivado/2023.2/lib/lnx64.o/libtcl8.5.so(TclObjInterpProcCore+0x420) [0x7c9fe40b7ed0]
/home/user/Xilinx/Vivado/2023.2/lib/lnx64.o/libtcl8.5.so(+0x3356f) [0x7c9fe403356f]
/home/user/Xilinx/Vivado/2023.2/lib/lnx64.o/libtcl8.5.so(+0x76945) [0x7c9fe4076945]
/home/user/Xilinx/Vivado/2023.2/lib/lnx64.o/libtcl8.5.so(TclObjInterpProcCore+0x420) [0x7c9fe40b7ed0]
/home/user/Xilinx/Vivado/2023.2/lib/lnx64.o/libtcl8.5.so(+0x3356f) [0x7c9fe403356f]
/home/user/Xilinx/Vivado/2023.2/lib/lnx64.o/libtcl8.5.so(+0x76945) [0x7c9fe4076945]
/home/user/Xilinx/Vivado/2023.2/lib/lnx64.o/libtcl8.5.so(TclObjInterpProcCore+0x420) [0x7c9fe40b7ed0]
/home/user/Xilinx/Vivado/2023.2/lib/lnx64.o/libtcl8.5.so(+0x3356f) [0x7c9fe403356f]
/home/user/Xilinx/Vivado/2023.2/lib/lnx64.o/libtcl8.5.so(+0x76945) [0x7c9fe4076945]
/home/user/Xilinx/Vivado/2023.2/lib/lnx64.o/libtcl8.5.so(+0x7e0f9) [0x7c9fe407e0f9]
/home/user/Xilinx/Vivado/2023.2/lib/lnx64.o/libtcl8.5.so(TclEvalObjEx+0x76) [0x7c9fe4035216]
/home/user/Xilinx/Vivado/2023.2/lib/lnx64.o/librdi_commontasks.so(+0x261fb1) [0x7c9fdc661fb1]
/home/user/Xilinx/Vivado/2023.2/lib/lnx64.o/libtcl8.5.so(+0x3356f) [0x7c9fe403356f]
/home/user/Xilinx/Vivado/2023.2/lib/lnx64.o/libtcl8.5.so(+0x76945) [0x7c9fe4076945]
/home/user/Xilinx/Vivado/2023.2/lib/lnx64.o/libtcl8.5.so(Tcl_ExprObj+0xf8) [0x7c9fe407dcd8]
/home/user/Xilinx/Vivado/2023.2/lib/lnx64.o/libtcl8.5.so(Tcl_ExprBooleanObj+0x16) [0x7c9fe4033f56]
/home/user/Xilinx/Vivado/2023.2/lib/lnx64.o/libtcl8.5.so(+0x3e7ae) [0x7c9fe403e7ae]
/home/user/Xilinx/Vivado/2023.2/lib/lnx64.o/libtcl8.5.so(+0x3356f) [0x7c9fe403356f]
/home/user/Xilinx/Vivado/2023.2/lib/lnx64.o/libtcl8.5.so(+0x34bf8) [0x7c9fe4034bf8]
/home/user/Xilinx/Vivado/2023.2/lib/lnx64.o/libtcl8.5.so(Tcl_EvalEx+0x13) [0x7c9fe4035163]
/home/user/Xilinx/Vivado/2023.2/lib/lnx64.o/libtcl8.5.so(Tcl_FSEvalFileEx+0x1da) [0x7c9fe4099d2a]
/home/user/Xilinx/Vivado/2023.2/lib/lnx64.o/librdi_commontasks.so(+0x27e220) [0x7c9fdc67e220]
/home/user/Xilinx/Vivado/2023.2/lib/lnx64.o/librdi_common.so(+0xd7d9bf) [0x7c9fe9d7d9bf]
/home/user/Xilinx/Vivado/2023.2/lib/lnx64.o/libtcl8.5.so(+0x3356f) [0x7c9fe403356f]
/home/user/Xilinx/Vivado/2023.2/lib/lnx64.o/libtcl8.5.so(+0x76945) [0x7c9fe4076945]
/home/user/Xilinx/Vivado/2023.2/lib/lnx64.o/libtcl8.5.so(+0x7e0f9) [0x7c9fe407e0f9]
/home/user/Xilinx/Vivado/2023.2/lib/lnx64.o/libtcl8.5.so(TclEvalObjEx+0x76) [0x7c9fe4035216]
/home/user/Xilinx/Vivado/2023.2/lib/lnx64.o/libtcl8.5.so(+0xb7637) [0x7c9fe40b7637]
/home/user/Xilinx/Vivado/2023.2/lib/lnx64.o/libtcl8.5.so(+0x3356f) [0x7c9fe403356f]
/home/user/Xilinx/Vivado/2023.2/lib/lnx64.o/libtcl8.5.so(+0x76945) [0x7c9fe4076945]
/home/user/Xilinx/Vivado/2023.2/lib/lnx64.o/libtcl8.5.so(+0x7e0f9) [0x7c9fe407e0f9]
/home/user/Xilinx/Vivado/2023.2/lib/lnx64.o/libtcl8.5.so(TclEvalObjEx+0x76) [0x7c9fe4035216]
/home/user/Xilinx/Vivado/2023.2/lib/lnx64.o/librdi_commontasks.so(+0x261f0e) [0x7c9fdc661f0e]
/home/user/Xilinx/Vivado/2023.2/lib/lnx64.o/libtcl8.5.so(+0x3356f) [0x7c9fe403356f]
/home/user/Xilinx/Vivado/2023.2/lib/lnx64.o/libtcl8.5.so(+0x34bf8) [0x7c9fe4034bf8]
/home/user/Xilinx/Vivado/2023.2/lib/lnx64.o/libtcl8.5.so(+0xad566) [0x7c9fe40ad566]
/home/user/Xilinx/Vivado/2023.2/lib/lnx64.o/libtcl8.5.so(+0x34785) [0x7c9fe4034785]
/home/user/Xilinx/Vivado/2023.2/lib/lnx64.o/libtcl8.5.so(Tcl_EvalEx+0x13) [0x7c9fe4035163]
/home/user/Xilinx/Vivado/2023.2/lib/lnx64.o/libtcl8.5.so(Tcl_FSEvalFileEx+0x1da) [0x7c9fe4099d2a]
/home/user/Xilinx/Vivado/2023.2/lib/lnx64.o/librdi_commontasks.so(+0x27e220) [0x7c9fdc67e220]
/home/user/Xilinx/Vivado/2023.2/lib/lnx64.o/librdi_common.so(+0xd7d9bf) [0x7c9fe9d7d9bf]
/home/user/Xilinx/Vivado/2023.2/lib/lnx64.o/libtcl8.5.so(+0x3356f) [0x7c9fe403356f]
/home/user/Xilinx/Vivado/2023.2/lib/lnx64.o/libtcl8.5.so(Tcl_EvalObjv+0x32) [0x7c9fe40336a2]
/home/user/Xilinx/Vivado/2023.2/lib/lnx64.o/libtcl8.5.so(TclEvalObjEx+0x322) [0x7c9fe40354c2]
/home/user/Xilinx/Vivado/2023.2/lib/lnx64.o/librdi_common.so(hdi::tcltasks::task_manager::eval_in_tcl(Tcl_Interp*, Tcl_Obj*, char const*, bool)+0x74d) [0x7c9fe9d7be1d]
/home/user/Xilinx/Vivado/2023.2/lib/lnx64.o/librdi_designutils.so(HRTInvoker::inProcessLaunch(HDGUIStatus&)+0x310) [0x7c9fd2424380]
/home/user/Xilinx/Vivado/2023.2/lib/lnx64.o/librdi_designutils.so(HRTInvoker::launch(HDGUIStatus&)+0x33) [0x7c9fd2424933]
/home/user/Xilinx/Vivado/2023.2/lib/lnx64.o/librdi_vivadotasks.so(+0x70211c) [0x7c9fac10211c]
/home/user/Xilinx/Vivado/2023.2/lib/lnx64.o/librdi_vivadotasks.so(+0x70b832) [0x7c9fac10b832]
/home/user/Xilinx/Vivado/2023.2/lib/lnx64.o/librdi_common.so(+0xd7d9bf) [0x7c9fe9d7d9bf]
/home/user/Xilinx/Vivado/2023.2/lib/lnx64.o/libtcl8.5.so(+0x3356f) [0x7c9fe403356f]
/home/user/Xilinx/Vivado/2023.2/lib/lnx64.o/libtcl8.5.so(+0x76945) [0x7c9fe4076945]
/home/user/Xilinx/Vivado/2023.2/lib/lnx64.o/libtcl8.5.so(+0x7e0f9) [0x7c9fe407e0f9]
/home/user/Xilinx/Vivado/2023.2/lib/lnx64.o/libtcl8.5.so(TclEvalObjEx+0x76) [0x7c9fe4035216]
/home/user/Xilinx/Vivado/2023.2/lib/lnx64.o/librdi_common.so(+0xd7b3b3) [0x7c9fe9d7b3b3]
/home/user/Xilinx/Vivado/2023.2/lib/lnx64.o/libtcl8.5.so(Tcl_ServiceEvent+0x7f) [0x7c9fe40a7bef]
/home/user/Xilinx/Vivado/2023.2/lib/lnx64.o/libtcl8.5.so(Tcl_DoOneEvent+0x154) [0x7c9fe40a7f24]
/home/user/Xilinx/Vivado/2023.2/lib/lnx64.o/librdi_commontasks.so(+0x2bdc07) [0x7c9fdc6bdc07]
/home/user/Xilinx/Vivado/2023.2/lib/lnx64.o/librdi_commontasks.so(+0x2c689e) [0x7c9fdc6c689e]
/home/user/Xilinx/Vivado/2023.2/lib/lnx64.o/librdi_commontasks.so(+0x2c717f) [0x7c9fdc6c717f]
/home/user/Xilinx/Vivado/2023.2/lib/lnx64.o/librdi_common.so(+0xd7d9bf) [0x7c9fe9d7d9bf]
/home/user/Xilinx/Vivado/2023.2/lib/lnx64.o/libtcl8.5.so(+0x3356f) [0x7c9fe403356f]
/home/user/Xilinx/Vivado/2023.2/lib/lnx64.o/libtcl8.5.so(+0x76945) [0x7c9fe4076945]
/home/user/Xilinx/Vivado/2023.2/lib/lnx64.o/libtcl8.5.so(+0x7e0f9) [0x7c9fe407e0f9]
/home/user/Xilinx/Vivado/2023.2/lib/lnx64.o/libtcl8.5.so(TclEvalObjEx+0x76) [0x7c9fe4035216]
/home/user/Xilinx/Vivado/2023.2/lib/lnx64.o/librdi_commonmain.so(+0xe752) [0x7c9feabb1752]
/home/user/Xilinx/Vivado/2023.2/lib/lnx64.o/libtcl8.5.so(Tcl_Main+0x1d0) [0x7c9fe40a02f0]
/home/user/Xilinx/Vivado/2023.2/lib/lnx64.o/librdi_common.so(+0xda6f7b) [0x7c9fe9da6f7b]
/lib/x86_64-linux-gnu/libc.so.6(+0x94ac3) [0x7c9fe8494ac3]
/lib/x86_64-linux-gnu/libc.so.6(+0x126850) [0x7c9fe8526850]
