#
# An unexpected error has occurred (11)
#
Stack:
/tools/Xilinx/Vivado/2023.2/tps/lnx64/jre17.0.7_7/lib//server/libjvm.so(+0xd8797f) [0x75cfb6b8797f]
/tools/Xilinx/Vivado/2023.2/tps/lnx64/jre17.0.7_7/lib//server/libjvm.so(JVM_handle_linux_signal+0x24e) [0x75cfb6b8846e]
/lib/x86_64-linux-gnu/libc.so.6(+0x42520) [0x75cff4a42520]
/tools/Xilinx/Vivado/2023.2/lib/lnx64.o/librdi_synth.so(HARTGLAddGen::regenerate(bool)+0x4e1) [0x75cfbf44a801]
/tools/Xilinx/Vivado/2023.2/lib/lnx64.o/librdi_synth.so(GLAdd::GLAdd(NRealMod, DFGraph*, bool)+0x56) [0x75cfc028da16]
/tools/Xilinx/Vivado/2023.2/lib/lnx64.o/librdi_synth.so(HSynMod::createNonModGraph(DFNode*, bool)+0x406) [0x75cfc019a9c6]
/tools/Xilinx/Vivado/2023.2/lib/lnx64.o/librdi_synth.so(HSynMod::connectGraph(DFNode*)+0xa6) [0x75cfc01ab4c6]
/tools/Xilinx/Vivado/2023.2/lib/lnx64.o/librdi_synth.so(HSynMod::connectInputPin(SPinArray*, DFPin*)+0x37b) [0x75cfc01aa30b]
/tools/Xilinx/Vivado/2023.2/lib/lnx64.o/librdi_synth.so(HSynMod::connectGraph(DFNode*)+0x78) [0x75cfc01ab498]
/tools/Xilinx/Vivado/2023.2/lib/lnx64.o/librdi_synth.so(HSynMod::connectInputPin(SPinArray*, DFPin*)+0x37b) [0x75cfc01aa30b]
/tools/Xilinx/Vivado/2023.2/lib/lnx64.o/librdi_synth.so(HSynMod::connectBitConcat(DFNode*)+0xdb) [0x75cfc01aabbb]
/tools/Xilinx/Vivado/2023.2/lib/lnx64.o/librdi_synth.so(HSynMod::connectInputPin(SPinArray*, DFPin*)+0x2a0) [0x75cfc01aa230]
/tools/Xilinx/Vivado/2023.2/lib/lnx64.o/librdi_synth.so(HSynMod::connectNets()+0x74) [0x75cfc01abd44]
/tools/Xilinx/Vivado/2023.2/lib/lnx64.o/librdi_synth.so(HSynMod::regenerate(bool)+0x24) [0x75cfc01a4f44]
/tools/Xilinx/Vivado/2023.2/lib/lnx64.o/librdi_synth.so(GSyn::generateFpga(NRealMod, bool)+0x4f2) [0x75cfbfcfa9b2]
/tools/Xilinx/Vivado/2023.2/lib/lnx64.o/librdi_synth.so(GSyn::generate(NRealMod, bool)+0x2cb) [0x75cfbfcfb39b]
/tools/Xilinx/Vivado/2023.2/lib/lnx64.o/librdi_synth.so(NRealMod::regenerate(bool)+0x27) [0x75cfbfcfb5a7]
/tools/Xilinx/Vivado/2023.2/lib/lnx64.o/librdi_synth.so(HARTNDb::HARTMergeResynPartitionsR(NRealMod, HARTNDb::MergePhase, bool)+0x2557) [0x75cfbf042007]
/tools/Xilinx/Vivado/2023.2/lib/lnx64.o/librdi_synth.so(HARTNDb::HARTMergeResynPartitionsR(NRealMod, HARTNDb::MergePhase, bool)+0xca8) [0x75cfbf040758]
/tools/Xilinx/Vivado/2023.2/lib/lnx64.o/librdi_synth.so(HARTNDb::HARTMergeResynPartitionsR(NRealMod, HARTNDb::MergePhase, bool)+0xca8) [0x75cfbf040758]
/tools/Xilinx/Vivado/2023.2/lib/lnx64.o/librdi_synth.so(HARTNDb::HARTMergeResynPartitions(NRealMod, HARTNDb::MergePhase, bool)+0x178) [0x75cfbf043008]
/tools/Xilinx/Vivado/2023.2/lib/lnx64.o/librdi_synth.so(HARTNDb::reSynthReInfer(bool)+0xe2) [0x75cfbf043222]
/tools/Xilinx/Vivado/2023.2/lib/lnx64.o/librdi_synth.so(+0x13dae73) [0x75cfbf1dae73]
/tools/Xilinx/Vivado/2023.2/lib/lnx64.o/librdi_synth.so(+0x1321b35) [0x75cfbf121b35]
/tools/Xilinx/Vivado/2023.2/lib/lnx64.o/libtcl8.5.so(+0x3356f) [0x75cff063356f]
/tools/Xilinx/Vivado/2023.2/lib/lnx64.o/libtcl8.5.so(+0x34bf8) [0x75cff0634bf8]
/tools/Xilinx/Vivado/2023.2/lib/lnx64.o/libtcl8.5.so(Tcl_EvalEx+0x13) [0x75cff0635163]
/tools/Xilinx/Vivado/2023.2/lib/lnx64.o/libtcl8.5.so(TclEvalObjEx+0x1e0) [0x75cff0635380]
/tools/Xilinx/Vivado/2023.2/lib/lnx64.o/libtcl8.5.so(+0x3b445) [0x75cff063b445]
/tools/Xilinx/Vivado/2023.2/lib/lnx64.o/libtcl8.5.so(+0x3356f) [0x75cff063356f]
/tools/Xilinx/Vivado/2023.2/lib/lnx64.o/libtcl8.5.so(+0x76945) [0x75cff0676945]
/tools/Xilinx/Vivado/2023.2/lib/lnx64.o/libtcl8.5.so(+0x7e0f9) [0x75cff067e0f9]
/tools/Xilinx/Vivado/2023.2/lib/lnx64.o/libtcl8.5.so(TclEvalObjEx+0x76) [0x75cff0635216]
/tools/Xilinx/Vivado/2023.2/lib/lnx64.o/librdi_commontasks.so(+0x261fb1) [0x75cfe8e61fb1]
/tools/Xilinx/Vivado/2023.2/lib/lnx64.o/libtcl8.5.so(+0x3356f) [0x75cff063356f]
/tools/Xilinx/Vivado/2023.2/lib/lnx64.o/libtcl8.5.so(+0x76945) [0x75cff0676945]
/tools/Xilinx/Vivado/2023.2/lib/lnx64.o/libtcl8.5.so(TclObjInterpProcCore+0x420) [0x75cff06b7ed0]
/tools/Xilinx/Vivado/2023.2/lib/lnx64.o/libtcl8.5.so(+0x3356f) [0x75cff063356f]
/tools/Xilinx/Vivado/2023.2/lib/lnx64.o/libtcl8.5.so(+0x76945) [0x75cff0676945]
/tools/Xilinx/Vivado/2023.2/lib/lnx64.o/libtcl8.5.so(TclObjInterpProcCore+0x420) [0x75cff06b7ed0]
/tools/Xilinx/Vivado/2023.2/lib/lnx64.o/libtcl8.5.so(+0x3356f) [0x75cff063356f]
/tools/Xilinx/Vivado/2023.2/lib/lnx64.o/libtcl8.5.so(+0x76945) [0x75cff0676945]
/tools/Xilinx/Vivado/2023.2/lib/lnx64.o/libtcl8.5.so(TclObjInterpProcCore+0x420) [0x75cff06b7ed0]
/tools/Xilinx/Vivado/2023.2/lib/lnx64.o/libtcl8.5.so(+0x3356f) [0x75cff063356f]
/tools/Xilinx/Vivado/2023.2/lib/lnx64.o/libtcl8.5.so(+0x76945) [0x75cff0676945]
/tools/Xilinx/Vivado/2023.2/lib/lnx64.o/libtcl8.5.so(TclObjInterpProcCore+0x420) [0x75cff06b7ed0]
/tools/Xilinx/Vivado/2023.2/lib/lnx64.o/libtcl8.5.so(+0x3356f) [0x75cff063356f]
/tools/Xilinx/Vivado/2023.2/lib/lnx64.o/libtcl8.5.so(+0x76945) [0x75cff0676945]
/tools/Xilinx/Vivado/2023.2/lib/lnx64.o/libtcl8.5.so(+0x7e0f9) [0x75cff067e0f9]
/tools/Xilinx/Vivado/2023.2/lib/lnx64.o/libtcl8.5.so(TclEvalObjEx+0x76) [0x75cff0635216]
/tools/Xilinx/Vivado/2023.2/lib/lnx64.o/librdi_common.so(hdi::tcltasks::task_manager::eval_in_tcl(Tcl_Interp*, Tcl_Obj*, char const*, bool)+0x74d) [0x75cff637be1d]
/tools/Xilinx/Vivado/2023.2/lib/lnx64.o/librdi_common.so(hdi::tcltasks::task_manager::eval_in_tcl(Tcl_Interp*, char const*, char const*, bool)+0xda) [0x75cff637c3ca]
/tools/Xilinx/Vivado/2023.2/lib/lnx64.o/librdi_synth.so(HARTNDb::processGenomesSequentially(bool, char const*, char const*)+0xbce) [0x75cfbf0a8e8e]
/tools/Xilinx/Vivado/2023.2/lib/lnx64.o/librdi_synth.so(+0x13c1aa8) [0x75cfbf1c1aa8]
/tools/Xilinx/Vivado/2023.2/lib/lnx64.o/librdi_synth.so(+0x1321b35) [0x75cfbf121b35]
/tools/Xilinx/Vivado/2023.2/lib/lnx64.o/libtcl8.5.so(+0x3356f) [0x75cff063356f]
/tools/Xilinx/Vivado/2023.2/lib/lnx64.o/libtcl8.5.so(+0x34bf8) [0x75cff0634bf8]
/tools/Xilinx/Vivado/2023.2/lib/lnx64.o/libtcl8.5.so(Tcl_EvalEx+0x13) [0x75cff0635163]
/tools/Xilinx/Vivado/2023.2/lib/lnx64.o/libtcl8.5.so(TclEvalObjEx+0x1e0) [0x75cff0635380]
/tools/Xilinx/Vivado/2023.2/lib/lnx64.o/libtcl8.5.so(+0x3b445) [0x75cff063b445]
/tools/Xilinx/Vivado/2023.2/lib/lnx64.o/libtcl8.5.so(+0x3356f) [0x75cff063356f]
/tools/Xilinx/Vivado/2023.2/lib/lnx64.o/libtcl8.5.so(+0x76945) [0x75cff0676945]
/tools/Xilinx/Vivado/2023.2/lib/lnx64.o/libtcl8.5.so(+0x7e0f9) [0x75cff067e0f9]
/tools/Xilinx/Vivado/2023.2/lib/lnx64.o/libtcl8.5.so(TclEvalObjEx+0x76) [0x75cff0635216]
/tools/Xilinx/Vivado/2023.2/lib/lnx64.o/librdi_commontasks.so(+0x261fb1) [0x75cfe8e61fb1]
/tools/Xilinx/Vivado/2023.2/lib/lnx64.o/libtcl8.5.so(+0x3356f) [0x75cff063356f]
/tools/Xilinx/Vivado/2023.2/lib/lnx64.o/libtcl8.5.so(+0x76945) [0x75cff0676945]
/tools/Xilinx/Vivado/2023.2/lib/lnx64.o/libtcl8.5.so(TclObjInterpProcCore+0x420) [0x75cff06b7ed0]
/tools/Xilinx/Vivado/2023.2/lib/lnx64.o/libtcl8.5.so(+0x3356f) [0x75cff063356f]
/tools/Xilinx/Vivado/2023.2/lib/lnx64.o/libtcl8.5.so(+0x76945) [0x75cff0676945]
/tools/Xilinx/Vivado/2023.2/lib/lnx64.o/libtcl8.5.so(TclObjInterpProcCore+0x420) [0x75cff06b7ed0]
/tools/Xilinx/Vivado/2023.2/lib/lnx64.o/libtcl8.5.so(+0x3356f) [0x75cff063356f]
/tools/Xilinx/Vivado/2023.2/lib/lnx64.o/libtcl8.5.so(+0x76945) [0x75cff0676945]
/tools/Xilinx/Vivado/2023.2/lib/lnx64.o/libtcl8.5.so(TclObjInterpProcCore+0x420) [0x75cff06b7ed0]
/tools/Xilinx/Vivado/2023.2/lib/lnx64.o/libtcl8.5.so(+0x3356f) [0x75cff063356f]
/tools/Xilinx/Vivado/2023.2/lib/lnx64.o/libtcl8.5.so(+0x76945) [0x75cff0676945]
/tools/Xilinx/Vivado/2023.2/lib/lnx64.o/libtcl8.5.so(+0x7e0f9) [0x75cff067e0f9]
/tools/Xilinx/Vivado/2023.2/lib/lnx64.o/libtcl8.5.so(TclEvalObjEx+0x76) [0x75cff0635216]
/tools/Xilinx/Vivado/2023.2/lib/lnx64.o/librdi_commontasks.so(+0x261fb1) [0x75cfe8e61fb1]
/tools/Xilinx/Vivado/2023.2/lib/lnx64.o/libtcl8.5.so(+0x3356f) [0x75cff063356f]
/tools/Xilinx/Vivado/2023.2/lib/lnx64.o/libtcl8.5.so(+0x76945) [0x75cff0676945]
/tools/Xilinx/Vivado/2023.2/lib/lnx64.o/libtcl8.5.so(Tcl_ExprObj+0xf8) [0x75cff067dcd8]
/tools/Xilinx/Vivado/2023.2/lib/lnx64.o/libtcl8.5.so(Tcl_ExprBooleanObj+0x16) [0x75cff0633f56]
/tools/Xilinx/Vivado/2023.2/lib/lnx64.o/libtcl8.5.so(+0x3e7ae) [0x75cff063e7ae]
/tools/Xilinx/Vivado/2023.2/lib/lnx64.o/libtcl8.5.so(+0x3356f) [0x75cff063356f]
/tools/Xilinx/Vivado/2023.2/lib/lnx64.o/libtcl8.5.so(+0x34bf8) [0x75cff0634bf8]
/tools/Xilinx/Vivado/2023.2/lib/lnx64.o/libtcl8.5.so(Tcl_EvalEx+0x13) [0x75cff0635163]
/tools/Xilinx/Vivado/2023.2/lib/lnx64.o/libtcl8.5.so(Tcl_FSEvalFileEx+0x1da) [0x75cff0699d2a]
/tools/Xilinx/Vivado/2023.2/lib/lnx64.o/librdi_commontasks.so(+0x27e220) [0x75cfe8e7e220]
/tools/Xilinx/Vivado/2023.2/lib/lnx64.o/librdi_common.so(+0xd7d9bf) [0x75cff637d9bf]
/tools/Xilinx/Vivado/2023.2/lib/lnx64.o/libtcl8.5.so(+0x3356f) [0x75cff063356f]
/tools/Xilinx/Vivado/2023.2/lib/lnx64.o/libtcl8.5.so(+0x76945) [0x75cff0676945]
/tools/Xilinx/Vivado/2023.2/lib/lnx64.o/libtcl8.5.so(+0x7e0f9) [0x75cff067e0f9]
/tools/Xilinx/Vivado/2023.2/lib/lnx64.o/libtcl8.5.so(TclEvalObjEx+0x76) [0x75cff0635216]
/tools/Xilinx/Vivado/2023.2/lib/lnx64.o/libtcl8.5.so(+0xb7637) [0x75cff06b7637]
/tools/Xilinx/Vivado/2023.2/lib/lnx64.o/libtcl8.5.so(+0x3356f) [0x75cff063356f]
/tools/Xilinx/Vivado/2023.2/lib/lnx64.o/libtcl8.5.so(+0x76945) [0x75cff0676945]
/tools/Xilinx/Vivado/2023.2/lib/lnx64.o/libtcl8.5.so(+0x7e0f9) [0x75cff067e0f9]
/tools/Xilinx/Vivado/2023.2/lib/lnx64.o/libtcl8.5.so(TclEvalObjEx+0x76) [0x75cff0635216]
/tools/Xilinx/Vivado/2023.2/lib/lnx64.o/librdi_commontasks.so(+0x261f0e) [0x75cfe8e61f0e]
/tools/Xilinx/Vivado/2023.2/lib/lnx64.o/libtcl8.5.so(+0x3356f) [0x75cff063356f]
/tools/Xilinx/Vivado/2023.2/lib/lnx64.o/libtcl8.5.so(+0x34bf8) [0x75cff0634bf8]
/tools/Xilinx/Vivado/2023.2/lib/lnx64.o/libtcl8.5.so(+0xad566) [0x75cff06ad566]
/tools/Xilinx/Vivado/2023.2/lib/lnx64.o/libtcl8.5.so(+0x34785) [0x75cff0634785]
/tools/Xilinx/Vivado/2023.2/lib/lnx64.o/libtcl8.5.so(Tcl_EvalEx+0x13) [0x75cff0635163]
/tools/Xilinx/Vivado/2023.2/lib/lnx64.o/libtcl8.5.so(Tcl_FSEvalFileEx+0x1da) [0x75cff0699d2a]
/tools/Xilinx/Vivado/2023.2/lib/lnx64.o/librdi_commontasks.so(+0x27e220) [0x75cfe8e7e220]
/tools/Xilinx/Vivado/2023.2/lib/lnx64.o/librdi_common.so(+0xd7d9bf) [0x75cff637d9bf]
/tools/Xilinx/Vivado/2023.2/lib/lnx64.o/libtcl8.5.so(+0x3356f) [0x75cff063356f]
/tools/Xilinx/Vivado/2023.2/lib/lnx64.o/libtcl8.5.so(Tcl_EvalObjv+0x32) [0x75cff06336a2]
/tools/Xilinx/Vivado/2023.2/lib/lnx64.o/libtcl8.5.so(TclEvalObjEx+0x322) [0x75cff06354c2]
/tools/Xilinx/Vivado/2023.2/lib/lnx64.o/librdi_common.so(hdi::tcltasks::task_manager::eval_in_tcl(Tcl_Interp*, Tcl_Obj*, char const*, bool)+0x74d) [0x75cff637be1d]
/tools/Xilinx/Vivado/2023.2/lib/lnx64.o/librdi_designutils.so(HRTInvoker::inProcessLaunch(HDGUIStatus&)+0x310) [0x75cfdec24380]
/tools/Xilinx/Vivado/2023.2/lib/lnx64.o/librdi_designutils.so(HRTInvoker::launch(HDGUIStatus&)+0x33) [0x75cfdec24933]
/tools/Xilinx/Vivado/2023.2/lib/lnx64.o/librdi_vivadotasks.so(+0x70211c) [0x75cfb890211c]
/tools/Xilinx/Vivado/2023.2/lib/lnx64.o/librdi_vivadotasks.so(+0x70b832) [0x75cfb890b832]
/tools/Xilinx/Vivado/2023.2/lib/lnx64.o/librdi_common.so(+0xd7d9bf) [0x75cff637d9bf]
/tools/Xilinx/Vivado/2023.2/lib/lnx64.o/libtcl8.5.so(+0x3356f) [0x75cff063356f]
/tools/Xilinx/Vivado/2023.2/lib/lnx64.o/libtcl8.5.so(+0x76945) [0x75cff0676945]
/tools/Xilinx/Vivado/2023.2/lib/lnx64.o/libtcl8.5.so(+0x7e0f9) [0x75cff067e0f9]
/tools/Xilinx/Vivado/2023.2/lib/lnx64.o/libtcl8.5.so(TclEvalObjEx+0x76) [0x75cff0635216]
/tools/Xilinx/Vivado/2023.2/lib/lnx64.o/librdi_common.so(+0xd7b3b3) [0x75cff637b3b3]
/tools/Xilinx/Vivado/2023.2/lib/lnx64.o/libtcl8.5.so(Tcl_ServiceEvent+0x7f) [0x75cff06a7bef]
/tools/Xilinx/Vivado/2023.2/lib/lnx64.o/libtcl8.5.so(Tcl_DoOneEvent+0x154) [0x75cff06a7f24]
/tools/Xilinx/Vivado/2023.2/lib/lnx64.o/librdi_commontasks.so(+0x2bdc07) [0x75cfe8ebdc07]
/tools/Xilinx/Vivado/2023.2/lib/lnx64.o/librdi_commontasks.so(+0x2c689e) [0x75cfe8ec689e]
/tools/Xilinx/Vivado/2023.2/lib/lnx64.o/librdi_commontasks.so(+0x2c717f) [0x75cfe8ec717f]
/tools/Xilinx/Vivado/2023.2/lib/lnx64.o/librdi_common.so(+0xd7d9bf) [0x75cff637d9bf]
/tools/Xilinx/Vivado/2023.2/lib/lnx64.o/libtcl8.5.so(+0x3356f) [0x75cff063356f]
/tools/Xilinx/Vivado/2023.2/lib/lnx64.o/libtcl8.5.so(+0x76945) [0x75cff0676945]
/tools/Xilinx/Vivado/2023.2/lib/lnx64.o/libtcl8.5.so(+0x7e0f9) [0x75cff067e0f9]
/tools/Xilinx/Vivado/2023.2/lib/lnx64.o/libtcl8.5.so(TclEvalObjEx+0x76) [0x75cff0635216]
/tools/Xilinx/Vivado/2023.2/lib/lnx64.o/librdi_commonmain.so(+0xe752) [0x75cff708f752]
/tools/Xilinx/Vivado/2023.2/lib/lnx64.o/libtcl8.5.so(Tcl_Main+0x1d0) [0x75cff06a02f0]
/tools/Xilinx/Vivado/2023.2/lib/lnx64.o/librdi_common.so(+0xda6f7b) [0x75cff63a6f7b]
/lib/x86_64-linux-gnu/libc.so.6(+0x94ac3) [0x75cff4a94ac3]
/lib/x86_64-linux-gnu/libc.so.6(+0x126850) [0x75cff4b26850]
