#
# An unexpected error has occurred (11)
#
Stack:
/lib/x86_64-linux-gnu/libc.so.6(+0x42520) [0x7fe747042520]
/media/user/D/cwz/2024/Vivado/2024.1/lib/lnx64.o/librdi_synth.so(DFPin::disconnect()+0xd) [0x7fe70f4154ed]
/media/user/D/cwz/2024/Vivado/2024.1/lib/lnx64.o/librdi_synth.so(+0x11607f9) [0x7fe70dd607f9]
/media/user/D/cwz/2024/Vivado/2024.1/lib/lnx64.o/librdi_synth.so(HARTHOptPrepDsp::prepDspConnections(DFNode*)+0x188) [0x7fe70dd69cf8]
/media/user/D/cwz/2024/Vivado/2024.1/lib/lnx64.o/librdi_synth.so(DFPin::travelTopDownIter(DFGraphTraverseFuncVoid&, UFlags<Option>, UHashList<DFEdge*, DFEdge*, UEKey<DFEdge*>, UHashListNode<DFEdge*>, DFEdge*>*, DFGraph*)+0x580) [0x7fe70f418ae0]
/media/user/D/cwz/2024/Vivado/2024.1/lib/lnx64.o/librdi_synth.so(DFGraph::traverseTopDown(DFGraphTraverseFuncVoid&, UFlags<Option>, UHashList<DFEdge*, DFEdge*, UEKey<DFEdge*>, UHashListNode<DFEdge*>, DFEdge*>*, DFGraph*)+0xb9) [0x7fe70f3fd8e9]
/media/user/D/cwz/2024/Vivado/2024.1/lib/lnx64.o/librdi_synth.so(DFGraph::traverseTopDown(void (*)(DFNode*), UFlags<Option>, UHashList<DFEdge*, DFEdge*, UEKey<DFEdge*>, UHashListNode<DFEdge*>, DFEdge*>*, DFGraph*)+0x20) [0x7fe70f3fda10]
/media/user/D/cwz/2024/Vivado/2024.1/lib/lnx64.o/librdi_synth.so(HARTHOptPost::topDownPass(void (*)(DFNode*), std::__cxx11::basic_string<char, std::char_traits<char>, std::allocator<char> >, bool)+0x1e) [0x7fe70dd360ce]
/media/user/D/cwz/2024/Vivado/2024.1/lib/lnx64.o/librdi_synth.so(HARTHOptPost::prepDsps()+0x753) [0x7fe70dd36d63]
/media/user/D/cwz/2024/Vivado/2024.1/lib/lnx64.o/librdi_synth.so(HARTHOptPost::optimize()+0x1cf0) [0x7fe70dd3a960]
/media/user/D/cwz/2024/Vivado/2024.1/lib/lnx64.o/librdi_synth.so(HARTHOptDfg::optimizePass2()+0x2e74f) [0x7fe70e5aef5f]
/media/user/D/cwz/2024/Vivado/2024.1/lib/lnx64.o/librdi_synth.so(HARTNDb::optimizeAndMap()+0x52b) [0x7fe70de8625b]
/media/user/D/cwz/2024/Vivado/2024.1/lib/lnx64.o/librdi_synth.so(HARTNDb::processParallelDFGOptPass2()+0x535) [0x7fe70deeeab5]
/media/user/D/cwz/2024/Vivado/2024.1/lib/lnx64.o/librdi_synth.so(HARTNDb::map()+0x35) [0x7fe70de54835]
/media/user/D/cwz/2024/Vivado/2024.1/lib/lnx64.o/librdi_synth.so(+0x14e1b23) [0x7fe70e0e1b23]
/media/user/D/cwz/2024/Vivado/2024.1/lib/lnx64.o/librdi_synth.so(+0x13623e5) [0x7fe70df623e5]
/media/user/D/cwz/2024/Vivado/2024.1/lib/lnx64.o/libtcl8.6.so(TclNRRunCallbacks+0x47) [0x7fe747684497]
/media/user/D/cwz/2024/Vivado/2024.1/lib/lnx64.o/librdi_commontasks.so(+0x25c6d1) [0x7fe73c25c6d1]
/media/user/D/cwz/2024/Vivado/2024.1/lib/lnx64.o/libtcl8.6.so(TclNRRunCallbacks+0x47) [0x7fe747684497]
/media/user/D/cwz/2024/Vivado/2024.1/lib/lnx64.o/librdi_commontasks.so(+0x25c6d1) [0x7fe73c25c6d1]
/media/user/D/cwz/2024/Vivado/2024.1/lib/lnx64.o/libtcl8.6.so(TclNRRunCallbacks+0x47) [0x7fe747684497]
/media/user/D/cwz/2024/Vivado/2024.1/lib/lnx64.o/libtcl8.6.so(+0x45309) [0x7fe747686309]
/media/user/D/cwz/2024/Vivado/2024.1/lib/lnx64.o/libtcl8.6.so(Tcl_FSEvalFileEx+0x1f8) [0x7fe74773bae8]
/media/user/D/cwz/2024/Vivado/2024.1/lib/lnx64.o/librdi_commontasks.so(+0x27c1d5) [0x7fe73c27c1d5]
/media/user/D/cwz/2024/Vivado/2024.1/lib/lnx64.o/librdi_common.so(+0xd85d9f) [0x7fe748985d9f]
/media/user/D/cwz/2024/Vivado/2024.1/lib/lnx64.o/libtcl8.6.so(TclNRRunCallbacks+0x47) [0x7fe747684497]
/media/user/D/cwz/2024/Vivado/2024.1/lib/lnx64.o/librdi_commontasks.so(+0x25c62e) [0x7fe73c25c62e]
/media/user/D/cwz/2024/Vivado/2024.1/lib/lnx64.o/libtcl8.6.so(TclNRRunCallbacks+0x47) [0x7fe747684497]
/media/user/D/cwz/2024/Vivado/2024.1/lib/lnx64.o/libtcl8.6.so(+0x45309) [0x7fe747686309]
/media/user/D/cwz/2024/Vivado/2024.1/lib/lnx64.o/libtcl8.6.so(TclSubstTokens+0x4a9) [0x7fe74774ed59]
/media/user/D/cwz/2024/Vivado/2024.1/lib/lnx64.o/libtcl8.6.so(+0x45153) [0x7fe747686153]
/media/user/D/cwz/2024/Vivado/2024.1/lib/lnx64.o/libtcl8.6.so(Tcl_FSEvalFileEx+0x1f8) [0x7fe74773bae8]
/media/user/D/cwz/2024/Vivado/2024.1/lib/lnx64.o/librdi_commontasks.so(+0x27c1d5) [0x7fe73c27c1d5]
/media/user/D/cwz/2024/Vivado/2024.1/lib/lnx64.o/librdi_common.so(+0xd85d9f) [0x7fe748985d9f]
/media/user/D/cwz/2024/Vivado/2024.1/lib/lnx64.o/libtcl8.6.so(TclNRRunCallbacks+0x47) [0x7fe747684497]
/media/user/D/cwz/2024/Vivado/2024.1/lib/lnx64.o/librdi_common.so(hdi::tcltasks::task_manager::eval_in_tcl(Tcl_Interp*, Tcl_Obj*, char const*, bool)+0x7ad) [0x7fe74898415d]
/media/user/D/cwz/2024/Vivado/2024.1/lib/lnx64.o/librdi_designutils.so(HRTInvoker::inProcessLaunch(HDGUIStatus&)+0x310) [0x7fe731549680]
/media/user/D/cwz/2024/Vivado/2024.1/lib/lnx64.o/librdi_designutils.so(HRTInvoker::launch(HDGUIStatus&)+0x33) [0x7fe731549c33]
/media/user/D/cwz/2024/Vivado/2024.1/lib/lnx64.o/librdi_vivadotasks.so(+0x78d6dc) [0x7fe70778d6dc]
/media/user/D/cwz/2024/Vivado/2024.1/lib/lnx64.o/librdi_vivadotasks.so(+0x797063) [0x7fe707797063]
/media/user/D/cwz/2024/Vivado/2024.1/lib/lnx64.o/librdi_common.so(+0xd85d9f) [0x7fe748985d9f]
/media/user/D/cwz/2024/Vivado/2024.1/lib/lnx64.o/libtcl8.6.so(TclNRRunCallbacks+0x47) [0x7fe747684497]
/media/user/D/cwz/2024/Vivado/2024.1/lib/lnx64.o/libtcl8.6.so(+0x45309) [0x7fe747686309]
/media/user/D/cwz/2024/Vivado/2024.1/lib/lnx64.o/libtcl8.6.so(Tcl_FSEvalFileEx+0x1f8) [0x7fe74773bae8]
/media/user/D/cwz/2024/Vivado/2024.1/lib/lnx64.o/librdi_commontasks.so(+0x27c1d5) [0x7fe73c27c1d5]
/media/user/D/cwz/2024/Vivado/2024.1/lib/lnx64.o/librdi_common.so(+0xd85d9f) [0x7fe748985d9f]
/media/user/D/cwz/2024/Vivado/2024.1/lib/lnx64.o/libtcl8.6.so(TclNRRunCallbacks+0x47) [0x7fe747684497]
/media/user/D/cwz/2024/Vivado/2024.1/lib/lnx64.o/librdi_commontasks.so(+0x2c4bad) [0x7fe73c2c4bad]
/media/user/D/cwz/2024/Vivado/2024.1/lib/lnx64.o/librdi_commontasks.so(+0x2c61df) [0x7fe73c2c61df]
/media/user/D/cwz/2024/Vivado/2024.1/lib/lnx64.o/librdi_common.so(+0xd85d9f) [0x7fe748985d9f]
/media/user/D/cwz/2024/Vivado/2024.1/lib/lnx64.o/libtcl8.6.so(TclNRRunCallbacks+0x47) [0x7fe747684497]
/media/user/D/cwz/2024/Vivado/2024.1/lib/lnx64.o/librdi_commonmain.so(+0xe6d2) [0x7fe7499e36d2]
/media/user/D/cwz/2024/Vivado/2024.1/lib/lnx64.o/libtcl8.6.so(Tcl_MainEx+0x1a8) [0x7fe747743038]
/media/user/D/cwz/2024/Vivado/2024.1/lib/lnx64.o/librdi_common.so(+0xdaf42b) [0x7fe7489af42b]
/lib/x86_64-linux-gnu/libc.so.6(+0x94ac3) [0x7fe747094ac3]
/lib/x86_64-linux-gnu/libc.so.6(+0x126850) [0x7fe747126850]
